<?xml version="1.0" encoding="UTF-8"?>
<testng-results ignored="0" total="1" passed="1" failed="0" skipped="0">
  <reporter-output>
  </reporter-output>
  <suite started-at="2023-08-03T19:42:16 IST" name="Default suite" finished-at="2023-08-03T19:42:16 IST" duration-ms="84">
    <groups>
    </groups>
    <test started-at="2023-08-03T19:42:16 IST" name="Default test" finished-at="2023-08-03T19:42:16 IST" duration-ms="84">
      <class name="DEMO.GITPRA">
        <test-method signature="sample()[pri:0, instance:DEMO.GITPRA@13fd2ccd]" started-at="2023-08-03T19:42:16 IST" name="sample" finished-at="2023-08-03T19:42:16 IST" duration-ms="16" status="PASS">
          <reporter-output>
          </reporter-output>
        </test-method> <!-- sample -->
      </class> <!-- DEMO.GITPRA -->
    </test> <!-- Default test -->
  </suite> <!-- Default suite -->
</testng-results>
